<?xml version="1.0" encoding="UTF-8"?>
<!-- Generated by org.testng.reporters.JUnitReportReporter -->
<testsuite skipped="0" hostname="Shahid-PC" name="JavaTest.WebDriverTest" tests="1" failures="0" timestamp="30 May 2019 02:03:23 GMT" time="14.245" errors="0">
  <testcase name="Testdemo" time="14.245" classname="JavaTest.WebDriverTest"/>
</testsuite> <!-- JavaTest.WebDriverTest -->
