<?xml version="1.0" encoding="UTF-8"?>
<!-- Generated by org.testng.reporters.JUnitReportReporter -->
<testsuite skipped="0" hostname="Shahid-PC" name="SeleniumFramework.NewTest" tests="1" failures="0" timestamp="30 May 2019 02:03:23 GMT" time="18.318" errors="0">
  <testcase name="WildTest" time="18.318" classname="SeleniumFramework.NewTest"/>
</testsuite> <!-- SeleniumFramework.NewTest -->
