<?xml version="1.0" encoding="UTF-8"?>
<!-- Generated by org.testng.reporters.JUnitReportReporter -->
<testsuite skipped="0" hostname="Shahid-PC" name="SeleniumFramework.WebDriverTest" tests="1" failures="0" timestamp="27 May 2019 20:49:19 GMT" time="21.367" errors="0">
  <testcase name="Testdemo" time="21.367" classname="SeleniumFramework.WebDriverTest"/>
</testsuite> <!-- SeleniumFramework.WebDriverTest -->
