<?xml version="1.0" encoding="UTF-8"?>
<!-- Generated by org.testng.reporters.JUnitReportReporter -->
<testsuite skipped="0" hostname="Shahid-PC" name="Framework1.NewTest" tests="1" failures="0" timestamp="23 May 2019 02:44:37 GMT" time="0.001" errors="0">
  <testcase name="WildCherry" time="0.001" classname="Framework1.NewTest"/>
</testsuite> <!-- Framework1.NewTest -->
