<?xml version="1.0" encoding="UTF-8"?>
<!-- Generated by org.testng.reporters.JUnitReportReporter -->
<testsuite skipped="0" hostname="Shahid-PC" name="JavaTest.WebDriverTest" tests="1" failures="0" timestamp="29 May 2019 02:05:30 GMT" time="47.995" errors="0">
  <testcase name="Testdemo" time="47.995" classname="JavaTest.WebDriverTest"/>
</testsuite> <!-- JavaTest.WebDriverTest -->
